Running: /opt/Xilinx/14.7/ISE_DS/ISE/bin/lin64/unwrapped/fuse -intstyle ise -incremental -lib secureip -o /home/ise/Desktop/Projekt Steorownik Zmywarki/Krywult_275592/test_isim_beh.exe -prj /home/ise/Desktop/Projekt Steorownik Zmywarki/Krywult_275592/test_beh.prj work.test 
ISim P.20131013 (signature 0xfbc00daa)
Number of CPUs detected in this system: 1
Turning on mult-threading, number of parallel sub-compilation jobs: 0 
Determining compilation order of HDL files
Parsing VHDL file "/home/ise/Desktop/Projekt Steorownik Zmywarki/Krywult_275592/utt.vhd" into library work
Parsing VHDL file "/home/ise/Desktop/Projekt Steorownik Zmywarki/Krywult_275592/test.vhd" into library work
Starting static elaboration
Completed static elaboration
Fuse Memory Usage: 95444 KB
Fuse CPU Usage: 430 ms
Compiling package standard
Compiling package std_logic_1164
Compiling architecture behavioral of entity utt [utt_default]
Compiling architecture behavior of entity test
Time Resolution for simulation is 1ps.
Compiled 5 VHDL Units
Built simulation executable /home/ise/Desktop/Projekt Steorownik Zmywarki/Krywult_275592/test_isim_beh.exe
Fuse Memory Usage: 104100 KB
Fuse CPU Usage: 460 ms
GCC CPU Usage: 220 ms
