ISim log file
Running: /home/ise/Desktop/Projekt Steorownik Zmywarki/Krywult_275592/test_isim_beh.exe -intstyle ise -gui -tclbatch isim.cmd -wdb /home/ise/Desktop/Projekt Steorownik Zmywarki/Krywult_275592/test_isim_beh.wdb 
ISim P.20131013 (signature 0xfbc00daa)
----------------------------------------------------------------------
WARNING:Security:42 - Your software subscription period has lapsed. Your current version of Xilinx tools will continue to function, but you no longer qualify for Xilinx software updates or new releases.


----------------------------------------------------------------------
This is a Full version of ISim.
Time resolution is 1 ps
# onerror resume
# wave add /
# run 1000 ns
Simulator is doing circuit initialization process.
Finished circuit initialization process.
# run 1.00us
# run all

** Failure:Assertion violation
User(VHDL) Code Called Simulation Stop
In process test.vhd:stim_proc 
 
INFO: Simulator is stopped.
# exit 0
